#! /c/Source/iverilog-install/bin/vvp
:ivl_version "12.0 (devel)" "(s20150603-1539-g2693dd32b)";
:ivl_delay_selection "TYPICAL";
:vpi_time_precision - 10;
:vpi_module "C:\iverilog\lib\ivl\system.vpi";
:vpi_module "C:\iverilog\lib\ivl\vhdl_sys.vpi";
:vpi_module "C:\iverilog\lib\ivl\vhdl_textio.vpi";
:vpi_module "C:\iverilog\lib\ivl\v2005_math.vpi";
:vpi_module "C:\iverilog\lib\ivl\va_math.vpi";
S_000002bd9086e220 .scope module, "MultiplierTest" "MultiplierTest" 2 23;
 .timescale -9 -10;
v000002bd908da3e0_0 .var "clk", 0 0;
v000002bd908d9b20_0 .var "errors", 7 0;
v000002bd908da520_0 .var/i "i", 31 0;
v000002bd908d99e0_0 .var "multiplicand", 3 0;
v000002bd908da8e0_0 .var "multiplier", 3 0;
v000002bd908da0c0_0 .net "product", 8 0, L_000002bd9086a010;  1 drivers
v000002bd908da980_0 .var "rst", 0 0;
v000002bd908dab60_0 .var "start", 0 0;
S_000002bd9087e850 .scope module, "multipliertester" "Multiplier" 2 43, 3 8 0, S_000002bd9086e220;
 .timescale -9 -10;
    .port_info 0 /INPUT 1 "clk";
    .port_info 1 /INPUT 1 "rst";
    .port_info 2 /INPUT 1 "start";
    .port_info 3 /INPUT 4 "multiplier";
    .port_info 4 /INPUT 4 "multiplicand";
    .port_info 5 /OUTPUT 9 "product";
    .port_info 6 /OUTPUT 1 "productDone";
v000002bd908d87f0_0 .net "clk", 0 0, v000002bd908da3e0_0;  1 drivers
v000002bd908d8890_0 .net "mdld", 0 0, v000002bd908269e0_0;  1 drivers
v000002bd908d8930_0 .net "mr0", 0 0, L_000002bd908d91c0;  1 drivers
v000002bd908d98a0_0 .net "mr1", 0 0, L_000002bd908da2a0;  1 drivers
v000002bd908da160_0 .net "mr2", 0 0, L_000002bd908da700;  1 drivers
v000002bd908d96c0_0 .net "mr3", 0 0, L_000002bd908da020;  1 drivers
v000002bd908dae80_0 .net "mrld", 0 0, v000002bd908690d0_0;  1 drivers
v000002bd908dac00_0 .net "multiplicand", 3 0, v000002bd908d99e0_0;  1 drivers
v000002bd908da840_0 .net "multiplicandReg", 8 0, v000002bd908d8070_0;  1 drivers
v000002bd908daac0_0 .net "multiplier", 3 0, v000002bd908da8e0_0;  1 drivers
v000002bd908d9da0_0 .net "multiplierReg", 3 0, v000002bd908d8430_0;  1 drivers
v000002bd908d9e40_0 .net "product", 8 0, L_000002bd9086a010;  alias, 1 drivers
v000002bd908da340_0 .net "productDone", 0 0, v000002bd90875fa0_0;  1 drivers
v000002bd908da660_0 .net "rsclear", 0 0, v000002bd908d81b0_0;  1 drivers
v000002bd908daca0_0 .net "rsload", 0 0, v000002bd908d8c50_0;  1 drivers
v000002bd908dad40_0 .net "rsshr", 0 0, v000002bd908d8d90_0;  1 drivers
v000002bd908d9080_0 .net "rst", 0 0, v000002bd908da980_0;  1 drivers
v000002bd908d9940_0 .net "runningSumReg", 8 0, v000002bd908d8750_0;  1 drivers
v000002bd908d9800_0 .net "start", 0 0, v000002bd908dab60_0;  1 drivers
S_000002bd9087ed70 .scope module, "ctrl" "MultiplierControl" 3 53, 4 5 0, S_000002bd9087e850;
 .timescale -9 -10;
    .port_info 0 /INPUT 1 "clk";
    .port_info 1 /INPUT 1 "rst";
    .port_info 2 /INPUT 1 "start";
    .port_info 3 /OUTPUT 1 "productDone";
    .port_info 4 /OUTPUT 1 "rsload";
    .port_info 5 /OUTPUT 1 "rsclear";
    .port_info 6 /OUTPUT 1 "rsshr";
    .port_info 7 /OUTPUT 1 "mrld";
    .port_info 8 /OUTPUT 1 "mdld";
    .port_info 9 /INPUT 1 "mr0";
    .port_info 10 /INPUT 1 "mr1";
    .port_info 11 /INPUT 1 "mr2";
    .port_info 12 /INPUT 1 "mr3";
P_000002bd908788e0 .param/l "BIT_ONE" 1 4 36, C4<0100>;
P_000002bd90878918 .param/l "BIT_ONE_TRUE" 1 4 37, C4<0101>;
P_000002bd90878950 .param/l "BIT_THREE" 1 4 40, C4<1000>;
P_000002bd90878988 .param/l "BIT_THREE_TRUE" 1 4 41, C4<1001>;
P_000002bd908789c0 .param/l "BIT_TWO" 1 4 38, C4<0110>;
P_000002bd908789f8 .param/l "BIT_TWO_TRUE" 1 4 39, C4<0111>;
P_000002bd90878a30 .param/l "BIT_ZERO" 1 4 34, C4<0010>;
P_000002bd90878a68 .param/l "BIT_ZERO_TRUE" 1 4 35, C4<0011>;
P_000002bd90878aa0 .param/l "FINAL" 1 4 42, C4<1010>;
P_000002bd90878ad8 .param/l "INIT" 1 4 33, C4<0001>;
P_000002bd90878b10 .param/l "START" 1 4 32, C4<0000>;
v000002bd9081e290_0 .net "clk", 0 0, v000002bd908da3e0_0;  alias, 1 drivers
v000002bd908269e0_0 .var "mdld", 0 0;
v000002bd90824250_0 .net "mr0", 0 0, L_000002bd908d91c0;  alias, 1 drivers
v000002bd9086e3b0_0 .net "mr1", 0 0, L_000002bd908da2a0;  alias, 1 drivers
v000002bd90824f10_0 .net "mr2", 0 0, L_000002bd908da700;  alias, 1 drivers
v000002bd9087e9e0_0 .net "mr3", 0 0, L_000002bd908da020;  alias, 1 drivers
v000002bd908690d0_0 .var "mrld", 0 0;
v000002bd90875f00_0 .var "next_state", 3 0;
v000002bd90875fa0_0 .var "productDone", 0 0;
v000002bd908d81b0_0 .var "rsclear", 0 0;
v000002bd908d8c50_0 .var "rsload", 0 0;
v000002bd908d8d90_0 .var "rsshr", 0 0;
v000002bd908d8e30_0 .net "rst", 0 0, v000002bd908da980_0;  alias, 1 drivers
v000002bd908d8250_0 .net "start", 0 0, v000002bd908dab60_0;  alias, 1 drivers
v000002bd908d8cf0_0 .var "state", 3 0;
E_000002bd90863480 .event posedge, v000002bd9081e290_0;
E_000002bd90863500/0 .event anyedge, v000002bd908d8cf0_0, v000002bd908d8250_0, v000002bd90824250_0, v000002bd9086e3b0_0;
E_000002bd90863500/1 .event anyedge, v000002bd90824f10_0, v000002bd9087e9e0_0;
E_000002bd90863500 .event/or E_000002bd90863500/0, E_000002bd90863500/1;
E_000002bd90863f40 .event anyedge, v000002bd908d8cf0_0;
S_000002bd9087ef00 .scope module, "dpath" "MultiplierDatapath" 3 33, 5 5 0, S_000002bd9087e850;
 .timescale -9 -10;
    .port_info 0 /INPUT 1 "clk";
    .port_info 1 /INPUT 4 "multiplier";
    .port_info 2 /INPUT 4 "multiplicand";
    .port_info 3 /OUTPUT 9 "product";
    .port_info 4 /INPUT 1 "rsload";
    .port_info 5 /INPUT 1 "rsclear";
    .port_info 6 /INPUT 1 "rsshr";
    .port_info 7 /INPUT 1 "mrld";
    .port_info 8 /INPUT 1 "mdld";
    .port_info 9 /OUTPUT 1 "mr0";
    .port_info 10 /OUTPUT 1 "mr1";
    .port_info 11 /OUTPUT 1 "mr2";
    .port_info 12 /OUTPUT 1 "mr3";
    .port_info 13 /OUTPUT 4 "multiplierReg";
    .port_info 14 /OUTPUT 9 "runningSumReg";
    .port_info 15 /OUTPUT 9 "multiplicandReg";
L_000002bd9086a010 .functor BUFZ 9, v000002bd908d8750_0, C4<000000000>, C4<000000000>, C4<000000000>;
v000002bd908d8390_0 .net "clk", 0 0, v000002bd908da3e0_0;  alias, 1 drivers
v000002bd908d89d0_0 .net "mdld", 0 0, v000002bd908269e0_0;  alias, 1 drivers
v000002bd908d8110_0 .net "mr0", 0 0, L_000002bd908d91c0;  alias, 1 drivers
v000002bd908d8ed0_0 .net "mr1", 0 0, L_000002bd908da2a0;  alias, 1 drivers
v000002bd908d82f0_0 .net "mr2", 0 0, L_000002bd908da700;  alias, 1 drivers
v000002bd908d8a70_0 .net "mr3", 0 0, L_000002bd908da020;  alias, 1 drivers
v000002bd908d8f70_0 .net "mrld", 0 0, v000002bd908690d0_0;  alias, 1 drivers
v000002bd908d84d0_0 .net "multiplicand", 3 0, v000002bd908d99e0_0;  alias, 1 drivers
v000002bd908d8070_0 .var "multiplicandReg", 8 0;
v000002bd908d8bb0_0 .net "multiplier", 3 0, v000002bd908da8e0_0;  alias, 1 drivers
v000002bd908d8430_0 .var "multiplierReg", 3 0;
v000002bd908d8570_0 .net "product", 8 0, L_000002bd9086a010;  alias, 1 drivers
v000002bd908d8610_0 .net "rsclear", 0 0, v000002bd908d81b0_0;  alias, 1 drivers
v000002bd908d86b0_0 .net "rsload", 0 0, v000002bd908d8c50_0;  alias, 1 drivers
v000002bd908d8b10_0 .net "rsshr", 0 0, v000002bd908d8d90_0;  alias, 1 drivers
v000002bd908d8750_0 .var "runningSumReg", 8 0;
L_000002bd908da020 .part v000002bd908d8430_0, 3, 1;
L_000002bd908da700 .part v000002bd908d8430_0, 2, 1;
L_000002bd908da2a0 .part v000002bd908d8430_0, 1, 1;
L_000002bd908d91c0 .part v000002bd908d8430_0, 0, 1;
    .scope S_000002bd9087ef00;
T_0 ;
    %wait E_000002bd90863480;
    %load/vec4 v000002bd908d89d0_0;
    %flag_set/vec4 8;
    %jmp/0xz  T_0.0, 8;
    %load/vec4 v000002bd908d84d0_0;
    %pad/u 9;
    %ix/load 4, 4, 0;
    %flag_set/imm 4, 0;
    %shiftl 4;
    %assign/vec4 v000002bd908d8070_0, 0;
T_0.0 ;
    %load/vec4 v000002bd908d8f70_0;
    %flag_set/vec4 8;
    %jmp/0xz  T_0.2, 8;
    %load/vec4 v000002bd908d8bb0_0;
    %assign/vec4 v000002bd908d8430_0, 0;
T_0.2 ;
    %load/vec4 v000002bd908d8610_0;
    %flag_set/vec4 8;
    %jmp/0xz  T_0.4, 8;
    %pushi/vec4 0, 0, 9;
    %assign/vec4 v000002bd908d8750_0, 0;
T_0.4 ;
    %load/vec4 v000002bd908d86b0_0;
    %flag_set/vec4 8;
    %jmp/0xz  T_0.6, 8;
    %load/vec4 v000002bd908d8070_0;
    %load/vec4 v000002bd908d8750_0;
    %add;
    %assign/vec4 v000002bd908d8750_0, 0;
T_0.6 ;
    %load/vec4 v000002bd908d8b10_0;
    %flag_set/vec4 8;
    %jmp/0xz  T_0.8, 8;
    %load/vec4 v000002bd908d8750_0;
    %ix/load 4, 1, 0;
    %flag_set/imm 4, 0;
    %shiftr 4;
    %assign/vec4 v000002bd908d8750_0, 0;
T_0.8 ;
    %jmp T_0;
    .thread T_0;
    .scope S_000002bd9087ed70;
T_1 ;
    %wait E_000002bd90863f40;
    %pushi/vec4 0, 0, 1;
    %store/vec4 v000002bd908d8c50_0, 0, 1;
    %pushi/vec4 0, 0, 1;
    %store/vec4 v000002bd908d81b0_0, 0, 1;
    %pushi/vec4 0, 0, 1;
    %store/vec4 v000002bd908d8d90_0, 0, 1;
    %pushi/vec4 0, 0, 1;
    %store/vec4 v000002bd908690d0_0, 0, 1;
    %pushi/vec4 0, 0, 1;
    %store/vec4 v000002bd908269e0_0, 0, 1;
    %pushi/vec4 0, 0, 1;
    %store/vec4 v000002bd90875fa0_0, 0, 1;
    %load/vec4 v000002bd908d8cf0_0;
    %dup/vec4;
    %pushi/vec4 1, 0, 4;
    %cmp/u;
    %jmp/1 T_1.0, 6;
    %dup/vec4;
    %pushi/vec4 3, 0, 4;
    %cmp/u;
    %jmp/1 T_1.1, 6;
    %dup/vec4;
    %pushi/vec4 4, 0, 4;
    %cmp/u;
    %jmp/1 T_1.2, 6;
    %dup/vec4;
    %pushi/vec4 5, 0, 4;
    %cmp/u;
    %jmp/1 T_1.3, 6;
    %dup/vec4;
    %pushi/vec4 6, 0, 4;
    %cmp/u;
    %jmp/1 T_1.4, 6;
    %dup/vec4;
    %pushi/vec4 7, 0, 4;
    %cmp/u;
    %jmp/1 T_1.5, 6;
    %dup/vec4;
    %pushi/vec4 8, 0, 4;
    %cmp/u;
    %jmp/1 T_1.6, 6;
    %dup/vec4;
    %pushi/vec4 9, 0, 4;
    %cmp/u;
    %jmp/1 T_1.7, 6;
    %dup/vec4;
    %pushi/vec4 10, 0, 4;
    %cmp/u;
    %jmp/1 T_1.8, 6;
    %jmp T_1.9;
T_1.0 ;
    %pushi/vec4 1, 0, 1;
    %store/vec4 v000002bd908269e0_0, 0, 1;
    %pushi/vec4 1, 0, 1;
    %store/vec4 v000002bd908690d0_0, 0, 1;
    %pushi/vec4 1, 0, 1;
    %store/vec4 v000002bd908d81b0_0, 0, 1;
    %jmp T_1.9;
T_1.1 ;
    %pushi/vec4 1, 0, 1;
    %store/vec4 v000002bd908d8c50_0, 0, 1;
    %jmp T_1.9;
T_1.2 ;
    %pushi/vec4 1, 0, 1;
    %store/vec4 v000002bd908d8d90_0, 0, 1;
    %jmp T_1.9;
T_1.3 ;
    %pushi/vec4 1, 0, 1;
    %store/vec4 v000002bd908d8c50_0, 0, 1;
    %jmp T_1.9;
T_1.4 ;
    %pushi/vec4 1, 0, 1;
    %store/vec4 v000002bd908d8d90_0, 0, 1;
    %jmp T_1.9;
T_1.5 ;
    %pushi/vec4 1, 0, 1;
    %store/vec4 v000002bd908d8c50_0, 0, 1;
    %jmp T_1.9;
T_1.6 ;
    %pushi/vec4 1, 0, 1;
    %store/vec4 v000002bd908d8d90_0, 0, 1;
    %jmp T_1.9;
T_1.7 ;
    %pushi/vec4 1, 0, 1;
    %store/vec4 v000002bd908d8c50_0, 0, 1;
    %jmp T_1.9;
T_1.8 ;
    %pushi/vec4 1, 0, 1;
    %store/vec4 v000002bd908d8d90_0, 0, 1;
    %pushi/vec4 1, 0, 1;
    %store/vec4 v000002bd90875fa0_0, 0, 1;
    %jmp T_1.9;
T_1.9 ;
    %pop/vec4 1;
    %jmp T_1;
    .thread T_1, $push;
    .scope S_000002bd9087ed70;
T_2 ;
    %wait E_000002bd90863500;
    %load/vec4 v000002bd908d8cf0_0;
    %store/vec4 v000002bd90875f00_0, 0, 4;
    %load/vec4 v000002bd908d8cf0_0;
    %dup/vec4;
    %pushi/vec4 0, 0, 4;
    %cmp/u;
    %jmp/1 T_2.0, 6;
    %dup/vec4;
    %pushi/vec4 1, 0, 4;
    %cmp/u;
    %jmp/1 T_2.1, 6;
    %dup/vec4;
    %pushi/vec4 2, 0, 4;
    %cmp/u;
    %jmp/1 T_2.2, 6;
    %dup/vec4;
    %pushi/vec4 3, 0, 4;
    %cmp/u;
    %jmp/1 T_2.3, 6;
    %dup/vec4;
    %pushi/vec4 4, 0, 4;
    %cmp/u;
    %jmp/1 T_2.4, 6;
    %dup/vec4;
    %pushi/vec4 5, 0, 4;
    %cmp/u;
    %jmp/1 T_2.5, 6;
    %dup/vec4;
    %pushi/vec4 6, 0, 4;
    %cmp/u;
    %jmp/1 T_2.6, 6;
    %dup/vec4;
    %pushi/vec4 7, 0, 4;
    %cmp/u;
    %jmp/1 T_2.7, 6;
    %dup/vec4;
    %pushi/vec4 8, 0, 4;
    %cmp/u;
    %jmp/1 T_2.8, 6;
    %dup/vec4;
    %pushi/vec4 9, 0, 4;
    %cmp/u;
    %jmp/1 T_2.9, 6;
    %dup/vec4;
    %pushi/vec4 10, 0, 4;
    %cmp/u;
    %jmp/1 T_2.10, 6;
    %jmp T_2.11;
T_2.0 ;
    %load/vec4 v000002bd908d8250_0;
    %flag_set/vec4 8;
    %jmp/0xz  T_2.12, 8;
    %pushi/vec4 1, 0, 4;
    %store/vec4 v000002bd90875f00_0, 0, 4;
T_2.12 ;
    %jmp T_2.11;
T_2.1 ;
    %pushi/vec4 2, 0, 4;
    %store/vec4 v000002bd90875f00_0, 0, 4;
    %jmp T_2.11;
T_2.2 ;
    %load/vec4 v000002bd90824250_0;
    %flag_set/vec4 8;
    %jmp/0xz  T_2.14, 8;
    %pushi/vec4 3, 0, 4;
    %store/vec4 v000002bd90875f00_0, 0, 4;
    %jmp T_2.15;
T_2.14 ;
    %pushi/vec4 4, 0, 4;
    %store/vec4 v000002bd90875f00_0, 0, 4;
T_2.15 ;
    %jmp T_2.11;
T_2.3 ;
    %pushi/vec4 4, 0, 4;
    %store/vec4 v000002bd90875f00_0, 0, 4;
    %jmp T_2.11;
T_2.4 ;
    %load/vec4 v000002bd9086e3b0_0;
    %flag_set/vec4 8;
    %jmp/0xz  T_2.16, 8;
    %pushi/vec4 5, 0, 4;
    %store/vec4 v000002bd90875f00_0, 0, 4;
    %jmp T_2.17;
T_2.16 ;
    %pushi/vec4 6, 0, 4;
    %store/vec4 v000002bd90875f00_0, 0, 4;
T_2.17 ;
    %jmp T_2.11;
T_2.5 ;
    %pushi/vec4 6, 0, 4;
    %store/vec4 v000002bd90875f00_0, 0, 4;
    %jmp T_2.11;
T_2.6 ;
    %load/vec4 v000002bd90824f10_0;
    %flag_set/vec4 8;
    %jmp/0xz  T_2.18, 8;
    %pushi/vec4 7, 0, 4;
    %store/vec4 v000002bd90875f00_0, 0, 4;
    %jmp T_2.19;
T_2.18 ;
    %pushi/vec4 8, 0, 4;
    %store/vec4 v000002bd90875f00_0, 0, 4;
T_2.19 ;
    %jmp T_2.11;
T_2.7 ;
    %pushi/vec4 8, 0, 4;
    %store/vec4 v000002bd90875f00_0, 0, 4;
    %jmp T_2.11;
T_2.8 ;
    %load/vec4 v000002bd9087e9e0_0;
    %flag_set/vec4 8;
    %jmp/0xz  T_2.20, 8;
    %pushi/vec4 9, 0, 4;
    %store/vec4 v000002bd90875f00_0, 0, 4;
    %jmp T_2.21;
T_2.20 ;
    %pushi/vec4 10, 0, 4;
    %store/vec4 v000002bd90875f00_0, 0, 4;
T_2.21 ;
    %jmp T_2.11;
T_2.9 ;
    %pushi/vec4 10, 0, 4;
    %store/vec4 v000002bd90875f00_0, 0, 4;
    %jmp T_2.11;
T_2.10 ;
    %pushi/vec4 0, 0, 4;
    %store/vec4 v000002bd90875f00_0, 0, 4;
    %jmp T_2.11;
T_2.11 ;
    %pop/vec4 1;
    %jmp T_2;
    .thread T_2, $push;
    .scope S_000002bd9087ed70;
T_3 ;
    %wait E_000002bd90863480;
    %load/vec4 v000002bd908d8e30_0;
    %flag_set/vec4 8;
    %jmp/0xz  T_3.0, 8;
    %pushi/vec4 0, 0, 4;
    %assign/vec4 v000002bd908d8cf0_0, 0;
    %jmp T_3.1;
T_3.0 ;
    %load/vec4 v000002bd90875f00_0;
    %assign/vec4 v000002bd908d8cf0_0, 0;
T_3.1 ;
    %jmp T_3;
    .thread T_3;
    .scope S_000002bd9086e220;
T_4 ;
    %pushi/vec4 0, 0, 1;
    %store/vec4 v000002bd908da3e0_0, 0, 1;
    %pushi/vec4 0, 0, 1;
    %store/vec4 v000002bd908da980_0, 0, 1;
    %pushi/vec4 0, 0, 1;
    %store/vec4 v000002bd908dab60_0, 0, 1;
    %pushi/vec4 0, 0, 4;
    %store/vec4 v000002bd908da8e0_0, 0, 4;
    %pushi/vec4 0, 0, 4;
    %store/vec4 v000002bd908d99e0_0, 0, 4;
    %pushi/vec4 0, 0, 8;
    %store/vec4 v000002bd908d9b20_0, 0, 8;
    %end;
    .thread T_4;
    .scope S_000002bd9086e220;
T_5 ;
    %vpi_call 2 38 "$dumpfile", "MultiplierTest.vcd" {0 0 0};
    %vpi_call 2 39 "$dumpvars" {0 0 0};
    %end;
    .thread T_5;
    .scope S_000002bd9086e220;
T_6 ;
    %vpi_call 2 56 "$display", "Setting %s to %s...", "multiplier", "4'b0011" {0 0 0};
    %delay 10, 0;
    %pushi/vec4 3, 0, 4;
    %store/vec4 v000002bd908da8e0_0, 0, 4;
    %delay 10, 0;
    %vpi_call 2 57 "$display", "Setting %s to %s...", "multiplicand", "4'b0110" {0 0 0};
    %delay 10, 0;
    %pushi/vec4 6, 0, 4;
    %store/vec4 v000002bd908d99e0_0, 0, 4;
    %delay 10, 0;
    %vpi_call 2 60 "$display", "Setting %s to %s...", "rst", "1" {0 0 0};
    %delay 10, 0;
    %pushi/vec4 1, 0, 1;
    %store/vec4 v000002bd908da980_0, 0, 1;
    %delay 10, 0;
    %vpi_call 2 61 "$display", "Pressing uclk..." {0 0 0};
    %delay 10, 0;
    %pushi/vec4 1, 0, 1;
    %store/vec4 v000002bd908da3e0_0, 0, 1;
    %delay 10, 0;
    %pushi/vec4 0, 0, 1;
    %store/vec4 v000002bd908da3e0_0, 0, 1;
    %delay 10, 0;
    %vpi_call 2 64 "$display", "Setting %s to %s...", "rst", "0" {0 0 0};
    %delay 10, 0;
    %pushi/vec4 0, 0, 1;
    %store/vec4 v000002bd908da980_0, 0, 1;
    %delay 10, 0;
    %vpi_call 2 65 "$display", "Setting %s to %s...", "start", "1" {0 0 0};
    %delay 10, 0;
    %pushi/vec4 1, 0, 1;
    %store/vec4 v000002bd908dab60_0, 0, 1;
    %delay 10, 0;
    %vpi_call 2 66 "$display", "Pressing uclk..." {0 0 0};
    %delay 10, 0;
    %pushi/vec4 1, 0, 1;
    %store/vec4 v000002bd908da3e0_0, 0, 1;
    %delay 10, 0;
    %pushi/vec4 0, 0, 1;
    %store/vec4 v000002bd908da3e0_0, 0, 1;
    %delay 10, 0;
    %vpi_call 2 69 "$display", "Setting %s to %s...", "start", "0" {0 0 0};
    %delay 10, 0;
    %pushi/vec4 0, 0, 1;
    %store/vec4 v000002bd908dab60_0, 0, 1;
    %delay 10, 0;
    %pushi/vec4 0, 0, 32;
    %store/vec4 v000002bd908da520_0, 0, 32;
T_6.0 ;
    %load/vec4 v000002bd908da520_0;
    %cmpi/s 10, 0, 32;
    %jmp/0xz T_6.1, 5;
    %vpi_call 2 71 "$display", "Pressing uclk..." {0 0 0};
    %delay 10, 0;
    %pushi/vec4 1, 0, 1;
    %store/vec4 v000002bd908da3e0_0, 0, 1;
    %delay 10, 0;
    %pushi/vec4 0, 0, 1;
    %store/vec4 v000002bd908da3e0_0, 0, 1;
    %delay 10, 0;
    %load/vec4 v000002bd908da520_0;
    %addi 1, 0, 32;
    %store/vec4 v000002bd908da520_0, 0, 32;
    %jmp T_6.0;
T_6.1 ;
    %load/vec4 v000002bd908da0c0_0;
    %cmpi/ne 18, 0, 9;
    %jmp/0xz  T_6.2, 6;
    %vpi_call 2 76 "$display", "\011[FAILURE]:%s", "Product is incorrect" {0 0 0};
    %load/vec4 v000002bd908d9b20_0;
    %addi 1, 0, 8;
    %store/vec4 v000002bd908d9b20_0, 0, 8;
T_6.2 ;
    %delay 0, 0;
    %vpi_call 2 76 "$display", "Setting %s to %s...", "multiplier", "4'd15" {0 0 0};
    %delay 10, 0;
    %pushi/vec4 15, 0, 4;
    %store/vec4 v000002bd908da8e0_0, 0, 4;
    %delay 10, 0;
    %vpi_call 2 77 "$display", "Setting %s to %s...", "multiplicand", "4'd15" {0 0 0};
    %delay 10, 0;
    %pushi/vec4 15, 0, 4;
    %store/vec4 v000002bd908d99e0_0, 0, 4;
    %delay 10, 0;
    %vpi_call 2 79 "$display", "Setting %s to %s...", "rst", "1" {0 0 0};
    %delay 10, 0;
    %pushi/vec4 1, 0, 1;
    %store/vec4 v000002bd908da980_0, 0, 1;
    %delay 10, 0;
    %vpi_call 2 80 "$display", "Pressing uclk..." {0 0 0};
    %delay 10, 0;
    %pushi/vec4 1, 0, 1;
    %store/vec4 v000002bd908da3e0_0, 0, 1;
    %delay 10, 0;
    %pushi/vec4 0, 0, 1;
    %store/vec4 v000002bd908da3e0_0, 0, 1;
    %delay 10, 0;
    %vpi_call 2 82 "$display", "Setting %s to %s...", "rst", "0" {0 0 0};
    %delay 10, 0;
    %pushi/vec4 0, 0, 1;
    %store/vec4 v000002bd908da980_0, 0, 1;
    %delay 10, 0;
    %vpi_call 2 83 "$display", "Setting %s to %s...", "start", "1" {0 0 0};
    %delay 10, 0;
    %pushi/vec4 1, 0, 1;
    %store/vec4 v000002bd908dab60_0, 0, 1;
    %delay 10, 0;
    %vpi_call 2 84 "$display", "Pressing uclk..." {0 0 0};
    %delay 10, 0;
    %pushi/vec4 1, 0, 1;
    %store/vec4 v000002bd908da3e0_0, 0, 1;
    %delay 10, 0;
    %pushi/vec4 0, 0, 1;
    %store/vec4 v000002bd908da3e0_0, 0, 1;
    %delay 10, 0;
    %vpi_call 2 86 "$display", "Setting %s to %s...", "start", "0" {0 0 0};
    %delay 10, 0;
    %pushi/vec4 0, 0, 1;
    %store/vec4 v000002bd908dab60_0, 0, 1;
    %delay 10, 0;
    %pushi/vec4 0, 0, 32;
    %store/vec4 v000002bd908da520_0, 0, 32;
T_6.4 ;
    %load/vec4 v000002bd908da520_0;
    %cmpi/s 10, 0, 32;
    %jmp/0xz T_6.5, 5;
    %vpi_call 2 89 "$display", "Pressing uclk..." {0 0 0};
    %delay 10, 0;
    %pushi/vec4 1, 0, 1;
    %store/vec4 v000002bd908da3e0_0, 0, 1;
    %delay 10, 0;
    %pushi/vec4 0, 0, 1;
    %store/vec4 v000002bd908da3e0_0, 0, 1;
    %delay 10, 0;
    %load/vec4 v000002bd908da520_0;
    %addi 1, 0, 32;
    %store/vec4 v000002bd908da520_0, 0, 32;
    %jmp T_6.4;
T_6.5 ;
    %load/vec4 v000002bd908da0c0_0;
    %cmpi/ne 225, 0, 9;
    %jmp/0xz  T_6.6, 6;
    %vpi_call 2 94 "$display", "\011[FAILURE]:%s", "Product is incorrect" {0 0 0};
    %load/vec4 v000002bd908d9b20_0;
    %addi 1, 0, 8;
    %store/vec4 v000002bd908d9b20_0, 0, 8;
T_6.6 ;
    %delay 0, 0;
    %vpi_call 2 94 "$display", "Setting %s to %s...", "multiplier", "4'd0" {0 0 0};
    %delay 10, 0;
    %pushi/vec4 0, 0, 4;
    %store/vec4 v000002bd908da8e0_0, 0, 4;
    %delay 10, 0;
    %vpi_call 2 95 "$display", "Setting %s to %s...", "multiplicand", "4'd12" {0 0 0};
    %delay 10, 0;
    %pushi/vec4 12, 0, 4;
    %store/vec4 v000002bd908d99e0_0, 0, 4;
    %delay 10, 0;
    %vpi_call 2 97 "$display", "Setting %s to %s...", "rst", "1" {0 0 0};
    %delay 10, 0;
    %pushi/vec4 1, 0, 1;
    %store/vec4 v000002bd908da980_0, 0, 1;
    %delay 10, 0;
    %vpi_call 2 98 "$display", "Pressing uclk..." {0 0 0};
    %delay 10, 0;
    %pushi/vec4 1, 0, 1;
    %store/vec4 v000002bd908da3e0_0, 0, 1;
    %delay 10, 0;
    %pushi/vec4 0, 0, 1;
    %store/vec4 v000002bd908da3e0_0, 0, 1;
    %delay 10, 0;
    %vpi_call 2 100 "$display", "Setting %s to %s...", "rst", "0" {0 0 0};
    %delay 10, 0;
    %pushi/vec4 0, 0, 1;
    %store/vec4 v000002bd908da980_0, 0, 1;
    %delay 10, 0;
    %vpi_call 2 101 "$display", "Setting %s to %s...", "start", "1" {0 0 0};
    %delay 10, 0;
    %pushi/vec4 1, 0, 1;
    %store/vec4 v000002bd908dab60_0, 0, 1;
    %delay 10, 0;
    %vpi_call 2 102 "$display", "Pressing uclk..." {0 0 0};
    %delay 10, 0;
    %pushi/vec4 1, 0, 1;
    %store/vec4 v000002bd908da3e0_0, 0, 1;
    %delay 10, 0;
    %pushi/vec4 0, 0, 1;
    %store/vec4 v000002bd908da3e0_0, 0, 1;
    %delay 10, 0;
    %vpi_call 2 104 "$display", "Setting %s to %s...", "start", "0" {0 0 0};
    %delay 10, 0;
    %pushi/vec4 0, 0, 1;
    %store/vec4 v000002bd908dab60_0, 0, 1;
    %delay 10, 0;
    %pushi/vec4 0, 0, 32;
    %store/vec4 v000002bd908da520_0, 0, 32;
T_6.8 ;
    %load/vec4 v000002bd908da520_0;
    %cmpi/s 10, 0, 32;
    %jmp/0xz T_6.9, 5;
    %vpi_call 2 107 "$display", "Pressing uclk..." {0 0 0};
    %delay 10, 0;
    %pushi/vec4 1, 0, 1;
    %store/vec4 v000002bd908da3e0_0, 0, 1;
    %delay 10, 0;
    %pushi/vec4 0, 0, 1;
    %store/vec4 v000002bd908da3e0_0, 0, 1;
    %delay 10, 0;
    %load/vec4 v000002bd908da520_0;
    %addi 1, 0, 32;
    %store/vec4 v000002bd908da520_0, 0, 32;
    %jmp T_6.8;
T_6.9 ;
    %load/vec4 v000002bd908da0c0_0;
    %cmpi/ne 0, 0, 9;
    %jmp/0xz  T_6.10, 6;
    %vpi_call 2 112 "$display", "\011[FAILURE]:%s", "Product is incorrect" {0 0 0};
    %load/vec4 v000002bd908d9b20_0;
    %addi 1, 0, 8;
    %store/vec4 v000002bd908d9b20_0, 0, 8;
T_6.10 ;
    %delay 0, 0;
    %vpi_call 2 112 "$display", "Setting %s to %s...", "multiplier", "4'd1" {0 0 0};
    %delay 10, 0;
    %pushi/vec4 1, 0, 4;
    %store/vec4 v000002bd908da8e0_0, 0, 4;
    %delay 10, 0;
    %vpi_call 2 113 "$display", "Setting %s to %s...", "multiplicand", "4'd2" {0 0 0};
    %delay 10, 0;
    %pushi/vec4 2, 0, 4;
    %store/vec4 v000002bd908d99e0_0, 0, 4;
    %delay 10, 0;
    %vpi_call 2 115 "$display", "Setting %s to %s...", "rst", "1" {0 0 0};
    %delay 10, 0;
    %pushi/vec4 1, 0, 1;
    %store/vec4 v000002bd908da980_0, 0, 1;
    %delay 10, 0;
    %vpi_call 2 116 "$display", "Pressing uclk..." {0 0 0};
    %delay 10, 0;
    %pushi/vec4 1, 0, 1;
    %store/vec4 v000002bd908da3e0_0, 0, 1;
    %delay 10, 0;
    %pushi/vec4 0, 0, 1;
    %store/vec4 v000002bd908da3e0_0, 0, 1;
    %delay 10, 0;
    %vpi_call 2 118 "$display", "Setting %s to %s...", "rst", "0" {0 0 0};
    %delay 10, 0;
    %pushi/vec4 0, 0, 1;
    %store/vec4 v000002bd908da980_0, 0, 1;
    %delay 10, 0;
    %vpi_call 2 119 "$display", "Setting %s to %s...", "start", "1" {0 0 0};
    %delay 10, 0;
    %pushi/vec4 1, 0, 1;
    %store/vec4 v000002bd908dab60_0, 0, 1;
    %delay 10, 0;
    %vpi_call 2 120 "$display", "Pressing uclk..." {0 0 0};
    %delay 10, 0;
    %pushi/vec4 1, 0, 1;
    %store/vec4 v000002bd908da3e0_0, 0, 1;
    %delay 10, 0;
    %pushi/vec4 0, 0, 1;
    %store/vec4 v000002bd908da3e0_0, 0, 1;
    %delay 10, 0;
    %vpi_call 2 122 "$display", "Setting %s to %s...", "start", "0" {0 0 0};
    %delay 10, 0;
    %pushi/vec4 0, 0, 1;
    %store/vec4 v000002bd908dab60_0, 0, 1;
    %delay 10, 0;
    %pushi/vec4 0, 0, 32;
    %store/vec4 v000002bd908da520_0, 0, 32;
T_6.12 ;
    %load/vec4 v000002bd908da520_0;
    %cmpi/s 10, 0, 32;
    %jmp/0xz T_6.13, 5;
    %vpi_call 2 125 "$display", "Pressing uclk..." {0 0 0};
    %delay 10, 0;
    %pushi/vec4 1, 0, 1;
    %store/vec4 v000002bd908da3e0_0, 0, 1;
    %delay 10, 0;
    %pushi/vec4 0, 0, 1;
    %store/vec4 v000002bd908da3e0_0, 0, 1;
    %delay 10, 0;
    %load/vec4 v000002bd908da520_0;
    %addi 1, 0, 32;
    %store/vec4 v000002bd908da520_0, 0, 32;
    %jmp T_6.12;
T_6.13 ;
    %load/vec4 v000002bd908da0c0_0;
    %cmpi/ne 2, 0, 9;
    %jmp/0xz  T_6.14, 6;
    %vpi_call 2 130 "$display", "\011[FAILURE]:%s", "Product is incorrect" {0 0 0};
    %load/vec4 v000002bd908d9b20_0;
    %addi 1, 0, 8;
    %store/vec4 v000002bd908d9b20_0, 0, 8;
T_6.14 ;
    %delay 0, 0;
    %vpi_call 2 130 "$display", "Setting %s to %s...", "multiplier", "4'd0" {0 0 0};
    %delay 10, 0;
    %pushi/vec4 0, 0, 4;
    %store/vec4 v000002bd908da8e0_0, 0, 4;
    %delay 10, 0;
    %vpi_call 2 131 "$display", "Setting %s to %s...", "multiplicand", "4'd0" {0 0 0};
    %delay 10, 0;
    %pushi/vec4 0, 0, 4;
    %store/vec4 v000002bd908d99e0_0, 0, 4;
    %delay 10, 0;
    %vpi_call 2 133 "$display", "Setting %s to %s...", "rst", "1" {0 0 0};
    %delay 10, 0;
    %pushi/vec4 1, 0, 1;
    %store/vec4 v000002bd908da980_0, 0, 1;
    %delay 10, 0;
    %vpi_call 2 134 "$display", "Pressing uclk..." {0 0 0};
    %delay 10, 0;
    %pushi/vec4 1, 0, 1;
    %store/vec4 v000002bd908da3e0_0, 0, 1;
    %delay 10, 0;
    %pushi/vec4 0, 0, 1;
    %store/vec4 v000002bd908da3e0_0, 0, 1;
    %delay 10, 0;
    %vpi_call 2 136 "$display", "Setting %s to %s...", "rst", "0" {0 0 0};
    %delay 10, 0;
    %pushi/vec4 0, 0, 1;
    %store/vec4 v000002bd908da980_0, 0, 1;
    %delay 10, 0;
    %vpi_call 2 137 "$display", "Setting %s to %s...", "start", "1" {0 0 0};
    %delay 10, 0;
    %pushi/vec4 1, 0, 1;
    %store/vec4 v000002bd908dab60_0, 0, 1;
    %delay 10, 0;
    %vpi_call 2 138 "$display", "Pressing uclk..." {0 0 0};
    %delay 10, 0;
    %pushi/vec4 1, 0, 1;
    %store/vec4 v000002bd908da3e0_0, 0, 1;
    %delay 10, 0;
    %pushi/vec4 0, 0, 1;
    %store/vec4 v000002bd908da3e0_0, 0, 1;
    %delay 10, 0;
    %vpi_call 2 140 "$display", "Setting %s to %s...", "start", "0" {0 0 0};
    %delay 10, 0;
    %pushi/vec4 0, 0, 1;
    %store/vec4 v000002bd908dab60_0, 0, 1;
    %delay 10, 0;
    %pushi/vec4 0, 0, 32;
    %store/vec4 v000002bd908da520_0, 0, 32;
T_6.16 ;
    %load/vec4 v000002bd908da520_0;
    %cmpi/s 10, 0, 32;
    %jmp/0xz T_6.17, 5;
    %vpi_call 2 143 "$display", "Pressing uclk..." {0 0 0};
    %delay 10, 0;
    %pushi/vec4 1, 0, 1;
    %store/vec4 v000002bd908da3e0_0, 0, 1;
    %delay 10, 0;
    %pushi/vec4 0, 0, 1;
    %store/vec4 v000002bd908da3e0_0, 0, 1;
    %delay 10, 0;
    %load/vec4 v000002bd908da520_0;
    %addi 1, 0, 32;
    %store/vec4 v000002bd908da520_0, 0, 32;
    %jmp T_6.16;
T_6.17 ;
    %load/vec4 v000002bd908da0c0_0;
    %cmpi/ne 0, 0, 9;
    %jmp/0xz  T_6.18, 6;
    %vpi_call 2 148 "$display", "\011[FAILURE]:%s", "Product is incorrect" {0 0 0};
    %load/vec4 v000002bd908d9b20_0;
    %addi 1, 0, 8;
    %store/vec4 v000002bd908d9b20_0, 0, 8;
T_6.18 ;
    %delay 0, 0;
    %vpi_call 2 147 "$display", "\012TESTS COMPLETED (%d FAILURES)", v000002bd908d9b20_0 {0 0 0};
    %vpi_call 2 148 "$finish" {0 0 0};
    %end;
    .thread T_6;
# The file index is used to find the file name in the following table.
:file_names 6;
    "N/A";
    "<interactive>";
    "Multiplier.t.v";
    "./Multiplier.v";
    "./MultiplierControl.v";
    "./MultiplierDatapath.v";
