#! /c/Source/iverilog-install/bin/vvp
:ivl_version "12.0 (devel)" "(s20150603-1539-g2693dd32b)";
:ivl_delay_selection "TYPICAL";
:vpi_time_precision + 0;
:vpi_module "C:\iverilog\lib\ivl\system.vpi";
:vpi_module "C:\iverilog\lib\ivl\vhdl_sys.vpi";
:vpi_module "C:\iverilog\lib\ivl\vhdl_textio.vpi";
:vpi_module "C:\iverilog\lib\ivl\v2005_math.vpi";
:vpi_module "C:\iverilog\lib\ivl\va_math.vpi";
S_0000027b471d24d0 .scope module, "MultiplierDatapath" "MultiplierDatapath" 2 5;
 .timescale 0 0;
    .port_info 0 /INPUT 1 "clk";
    .port_info 1 /INPUT 4 "multiplier";
    .port_info 2 /INPUT 4 "multiplicand";
    .port_info 3 /OUTPUT 8 "product";
    .port_info 4 /INPUT 1 "rsload";
    .port_info 5 /INPUT 1 "rsclear";
    .port_info 6 /INPUT 1 "rsshr";
    .port_info 7 /INPUT 1 "mrld";
    .port_info 8 /INPUT 1 "mdld";
    .port_info 9 /OUTPUT 4 "multiplierReg";
    .port_info 10 /OUTPUT 9 "runningSumReg";
    .port_info 11 /OUTPUT 9 "multiplicandReg";
P_0000027b47208410 .param/l "WIDTH" 0 2 5, +C4<00000000000000000000000000000100>;
o0000027b47208fb8 .functor BUFZ 1, C4<z>; HiZ drive
v0000027b471d2cc0_0 .net "clk", 0 0, o0000027b47208fb8;  0 drivers
o0000027b47208fe8 .functor BUFZ 1, C4<z>; HiZ drive
v0000027b47309e70_0 .net "mdld", 0 0, o0000027b47208fe8;  0 drivers
o0000027b47209018 .functor BUFZ 1, C4<z>; HiZ drive
v0000027b471d2730_0 .net "mrld", 0 0, o0000027b47209018;  0 drivers
o0000027b47209048 .functor BUFZ 4, C4<zzzz>; HiZ drive
v0000027b471d27d0_0 .net "multiplicand", 3 0, o0000027b47209048;  0 drivers
v0000027b471d2870_0 .var "multiplicandReg", 8 0;
o0000027b472090a8 .functor BUFZ 4, C4<zzzz>; HiZ drive
v0000027b4730b850_0 .net "multiplier", 3 0, o0000027b472090a8;  0 drivers
v0000027b4730b8f0_0 .var "multiplierReg", 3 0;
v0000027b4730b990_0 .net "product", 7 0, L_0000027b4730bd40;  1 drivers
o0000027b47209138 .functor BUFZ 1, C4<z>; HiZ drive
v0000027b4730ba30_0 .net "rsclear", 0 0, o0000027b47209138;  0 drivers
o0000027b47209168 .functor BUFZ 1, C4<z>; HiZ drive
v0000027b4730bb60_0 .net "rsload", 0 0, o0000027b47209168;  0 drivers
o0000027b47209198 .functor BUFZ 1, C4<z>; HiZ drive
v0000027b4730bc00_0 .net "rsshr", 0 0, o0000027b47209198;  0 drivers
v0000027b4730bca0_0 .var "runningSumReg", 8 0;
E_0000027b472082d0 .event posedge, v0000027b471d2cc0_0;
L_0000027b4730bd40 .part v0000027b4730bca0_0, 0, 8;
    .scope S_0000027b471d24d0;
T_0 ;
    %wait E_0000027b472082d0;
    %load/vec4 v0000027b47309e70_0;
    %flag_set/vec4 8;
    %jmp/0xz  T_0.0, 8;
    %load/vec4 v0000027b471d27d0_0;
    %pad/u 9;
    %ix/load 4, 4, 0;
    %flag_set/imm 4, 0;
    %shiftl 4;
    %assign/vec4 v0000027b471d2870_0, 0;
T_0.0 ;
    %load/vec4 v0000027b471d2730_0;
    %flag_set/vec4 8;
    %jmp/0xz  T_0.2, 8;
    %load/vec4 v0000027b4730b850_0;
    %assign/vec4 v0000027b4730b8f0_0, 0;
T_0.2 ;
    %load/vec4 v0000027b4730ba30_0;
    %flag_set/vec4 8;
    %jmp/0xz  T_0.4, 8;
    %pushi/vec4 0, 0, 9;
    %assign/vec4 v0000027b4730bca0_0, 0;
T_0.4 ;
    %load/vec4 v0000027b4730bb60_0;
    %flag_set/vec4 8;
    %jmp/0xz  T_0.6, 8;
    %load/vec4 v0000027b471d2870_0;
    %load/vec4 v0000027b4730bca0_0;
    %add;
    %assign/vec4 v0000027b4730bca0_0, 0;
T_0.6 ;
    %load/vec4 v0000027b4730bc00_0;
    %flag_set/vec4 8;
    %jmp/0xz  T_0.8, 8;
    %load/vec4 v0000027b4730bca0_0;
    %ix/load 4, 1, 0;
    %flag_set/imm 4, 0;
    %shiftr 4;
    %assign/vec4 v0000027b4730bca0_0, 0;
T_0.8 ;
    %jmp T_0;
    .thread T_0;
# The file index is used to find the file name in the following table.
:file_names 3;
    "N/A";
    "<interactive>";
    "MultiplierDatapath.v";
