#! /c/Source/iverilog-install/bin/vvp
:ivl_version "12.0 (devel)" "(s20150603-1539-g2693dd32b)";
:ivl_delay_selection "TYPICAL";
:vpi_time_precision + 0;
:vpi_module "C:\iverilog\lib\ivl\system.vpi";
:vpi_module "C:\iverilog\lib\ivl\vhdl_sys.vpi";
:vpi_module "C:\iverilog\lib\ivl\vhdl_textio.vpi";
:vpi_module "C:\iverilog\lib\ivl\v2005_math.vpi";
:vpi_module "C:\iverilog\lib\ivl\va_math.vpi";
S_000001bb3d6dab60 .scope module, "Multiplier" "Multiplier" 2 8;
 .timescale 0 0;
    .port_info 0 /INPUT 1 "clk";
    .port_info 1 /INPUT 1 "rst";
    .port_info 2 /INPUT 1 "start";
    .port_info 3 /INPUT 4 "multiplier";
    .port_info 4 /INPUT 4 "multiplicand";
    .port_info 5 /OUTPUT 8 "product";
    .port_info 6 /OUTPUT 1 "productDone";
P_000001bb3d71a850 .param/l "WIDTH" 0 2 8, +C4<00000000000000000000000000000100>;
o000001bb3d73bfd8 .functor BUFZ 1, C4<z>; HiZ drive
v000001bb3d78ebd0_0 .net "clk", 0 0, o000001bb3d73bfd8;  0 drivers
v000001bb3d78f490_0 .net "mdld", 0 0, v000001bb3d6f2d20_0;  1 drivers
v000001bb3d78f670_0 .net "mrld", 0 0, v000001bb3d72f660_0;  1 drivers
o000001bb3d73c3f8 .functor BUFZ 4, C4<zzzz>; HiZ drive
v000001bb3d78ec70_0 .net "multiplicand", 3 0, o000001bb3d73c3f8;  0 drivers
v000001bb3d78edb0_0 .net "multiplicandReg", 8 0, v000001bb3d78f2b0_0;  1 drivers
o000001bb3d73c458 .functor BUFZ 4, C4<zzzz>; HiZ drive
v000001bb3d78eef0_0 .net "multiplier", 3 0, o000001bb3d73c458;  0 drivers
v000001bb3d78f530_0 .net "multiplierReg", 3 0, v000001bb3d78f3f0_0;  1 drivers
v000001bb3d78f710_0 .net "product", 7 0, L_000001bb3d791050;  1 drivers
v000001bb3d78f0d0_0 .net "productDone", 0 0, v000001bb3d72f840_0;  1 drivers
v000001bb3d78f170_0 .net "rsclear", 0 0, v000001bb3d72f8e0_0;  1 drivers
v000001bb3d78f210_0 .net "rsload", 0 0, v000001bb3d72f980_0;  1 drivers
v000001bb3d78f5d0_0 .net "rsshr", 0 0, v000001bb3d6f2550_0;  1 drivers
o000001bb3d73c188 .functor BUFZ 1, C4<z>; HiZ drive
v000001bb3d78e8b0_0 .net "rst", 0 0, o000001bb3d73c188;  0 drivers
v000001bb3d78e950_0 .net "runningSumReg", 8 0, v000001bb3d78eb30_0;  1 drivers
o000001bb3d73c1b8 .functor BUFZ 1, C4<z>; HiZ drive
v000001bb3d792450_0 .net "start", 0 0, o000001bb3d73c1b8;  0 drivers
S_000001bb3d6dacf0 .scope module, "ctrl" "MultiplierControl" 2 49, 3 5 0, S_000001bb3d6dab60;
 .timescale 0 0;
    .port_info 0 /INPUT 1 "clk";
    .port_info 1 /INPUT 1 "rst";
    .port_info 2 /INPUT 1 "start";
    .port_info 3 /OUTPUT 1 "productDone";
    .port_info 4 /OUTPUT 1 "rsload";
    .port_info 5 /OUTPUT 1 "rsclear";
    .port_info 6 /OUTPUT 1 "rsshr";
    .port_info 7 /OUTPUT 1 "mrld";
    .port_info 8 /OUTPUT 1 "mdld";
    .port_info 9 /INPUT 4 "multiplierReg";
P_000001bb3d7188a0 .param/l "FINAL" 1 3 32, +C4<00000000000000000000000000000000000000000000000000000000000001010>;
P_000001bb3d7188d8 .param/l "INIT" 1 3 31, C4<0001>;
P_000001bb3d718910 .param/l "START" 1 3 30, C4<0000>;
P_000001bb3d718948 .param/l "STATE_WIDTH" 1 3 26, +C4<00000000000000000000000000000100>;
P_000001bb3d718980 .param/l "WIDTH" 0 3 5, +C4<00000000000000000000000000000100>;
v000001bb3d718a00_0 .net "clk", 0 0, o000001bb3d73bfd8;  alias, 0 drivers
v000001bb3d6f2d20_0 .var "mdld", 0 0;
v000001bb3d72f660_0 .var "mrld", 0 0;
v000001bb3d72f700_0 .net "multiplierReg", 3 0, v000001bb3d78f3f0_0;  alias, 1 drivers
v000001bb3d72f7a0_0 .var "next_state", 3 0;
v000001bb3d72f840_0 .var "productDone", 0 0;
v000001bb3d72f8e0_0 .var "rsclear", 0 0;
v000001bb3d72f980_0 .var "rsload", 0 0;
v000001bb3d6f2550_0 .var "rsshr", 0 0;
v000001bb3d6f25f0_0 .net "rst", 0 0, o000001bb3d73c188;  alias, 0 drivers
v000001bb3d6f2690_0 .net "start", 0 0, o000001bb3d73c1b8;  alias, 0 drivers
v000001bb3d6f2730_0 .var "state", 3 0;
E_000001bb3d71a510 .event posedge, v000001bb3d718a00_0;
E_000001bb3d719f10 .event anyedge, v000001bb3d6f2730_0, v000001bb3d6f2690_0, v000001bb3d72f700_0, v000001bb3d72f7a0_0;
E_000001bb3d71a550 .event anyedge, v000001bb3d6f2730_0;
S_000001bb3d6f27d0 .scope module, "dpath" "MultiplierDatapath" 2 33, 4 5 0, S_000001bb3d6dab60;
 .timescale 0 0;
    .port_info 0 /INPUT 1 "clk";
    .port_info 1 /INPUT 4 "multiplier";
    .port_info 2 /INPUT 4 "multiplicand";
    .port_info 3 /OUTPUT 8 "product";
    .port_info 4 /INPUT 1 "rsload";
    .port_info 5 /INPUT 1 "rsclear";
    .port_info 6 /INPUT 1 "rsshr";
    .port_info 7 /INPUT 1 "mrld";
    .port_info 8 /INPUT 1 "mdld";
    .port_info 9 /OUTPUT 4 "multiplierReg";
    .port_info 10 /OUTPUT 9 "runningSumReg";
    .port_info 11 /OUTPUT 9 "multiplicandReg";
P_000001bb3d71aa90 .param/l "WIDTH" 0 4 5, +C4<00000000000000000000000000000100>;
v000001bb3d723eb0_0 .net "clk", 0 0, o000001bb3d73bfd8;  alias, 0 drivers
v000001bb3d78e9f0_0 .net "mdld", 0 0, v000001bb3d6f2d20_0;  alias, 1 drivers
v000001bb3d78f350_0 .net "mrld", 0 0, v000001bb3d72f660_0;  alias, 1 drivers
v000001bb3d78f030_0 .net "multiplicand", 3 0, o000001bb3d73c3f8;  alias, 0 drivers
v000001bb3d78f2b0_0 .var "multiplicandReg", 8 0;
v000001bb3d78ed10_0 .net "multiplier", 3 0, o000001bb3d73c458;  alias, 0 drivers
v000001bb3d78f3f0_0 .var "multiplierReg", 3 0;
v000001bb3d78ee50_0 .net "product", 7 0, L_000001bb3d791050;  alias, 1 drivers
v000001bb3d78ef90_0 .net "rsclear", 0 0, v000001bb3d72f8e0_0;  alias, 1 drivers
v000001bb3d78f7b0_0 .net "rsload", 0 0, v000001bb3d72f980_0;  alias, 1 drivers
v000001bb3d78ea90_0 .net "rsshr", 0 0, v000001bb3d6f2550_0;  alias, 1 drivers
v000001bb3d78eb30_0 .var "runningSumReg", 8 0;
L_000001bb3d791050 .part v000001bb3d78eb30_0, 0, 8;
    .scope S_000001bb3d6f27d0;
T_0 ;
    %wait E_000001bb3d71a510;
    %load/vec4 v000001bb3d78e9f0_0;
    %flag_set/vec4 8;
    %jmp/0xz  T_0.0, 8;
    %load/vec4 v000001bb3d78f030_0;
    %pad/u 9;
    %ix/load 4, 4, 0;
    %flag_set/imm 4, 0;
    %shiftl 4;
    %assign/vec4 v000001bb3d78f2b0_0, 0;
T_0.0 ;
    %load/vec4 v000001bb3d78f350_0;
    %flag_set/vec4 8;
    %jmp/0xz  T_0.2, 8;
    %load/vec4 v000001bb3d78ed10_0;
    %assign/vec4 v000001bb3d78f3f0_0, 0;
T_0.2 ;
    %load/vec4 v000001bb3d78ef90_0;
    %flag_set/vec4 8;
    %jmp/0xz  T_0.4, 8;
    %pushi/vec4 0, 0, 9;
    %assign/vec4 v000001bb3d78eb30_0, 0;
T_0.4 ;
    %load/vec4 v000001bb3d78f7b0_0;
    %flag_set/vec4 8;
    %jmp/0xz  T_0.6, 8;
    %load/vec4 v000001bb3d78f2b0_0;
    %load/vec4 v000001bb3d78eb30_0;
    %add;
    %assign/vec4 v000001bb3d78eb30_0, 0;
T_0.6 ;
    %load/vec4 v000001bb3d78ea90_0;
    %flag_set/vec4 8;
    %jmp/0xz  T_0.8, 8;
    %load/vec4 v000001bb3d78eb30_0;
    %ix/load 4, 1, 0;
    %flag_set/imm 4, 0;
    %shiftr 4;
    %assign/vec4 v000001bb3d78eb30_0, 0;
T_0.8 ;
    %jmp T_0;
    .thread T_0;
    .scope S_000001bb3d6dacf0;
T_1 ;
    %wait E_000001bb3d71a550;
    %pushi/vec4 0, 0, 1;
    %store/vec4 v000001bb3d72f980_0, 0, 1;
    %pushi/vec4 0, 0, 1;
    %store/vec4 v000001bb3d72f8e0_0, 0, 1;
    %pushi/vec4 0, 0, 1;
    %store/vec4 v000001bb3d6f2550_0, 0, 1;
    %pushi/vec4 0, 0, 1;
    %store/vec4 v000001bb3d72f660_0, 0, 1;
    %pushi/vec4 0, 0, 1;
    %store/vec4 v000001bb3d6f2d20_0, 0, 1;
    %pushi/vec4 0, 0, 1;
    %store/vec4 v000001bb3d72f840_0, 0, 1;
    %load/vec4 v000001bb3d6f2730_0;
    %cmpi/e 0, 0, 4;
    %jmp/0xz  T_1.0, 4;
    %jmp T_1.1;
T_1.0 ;
    %load/vec4 v000001bb3d6f2730_0;
    %cmpi/e 1, 0, 4;
    %jmp/0xz  T_1.2, 4;
    %pushi/vec4 1, 0, 1;
    %store/vec4 v000001bb3d6f2d20_0, 0, 1;
    %pushi/vec4 1, 0, 1;
    %store/vec4 v000001bb3d72f660_0, 0, 1;
    %pushi/vec4 1, 0, 1;
    %store/vec4 v000001bb3d72f8e0_0, 0, 1;
    %jmp T_1.3;
T_1.2 ;
    %load/vec4 v000001bb3d6f2730_0;
    %pad/u 65;
    %cmpi/e 10, 0, 65;
    %jmp/0xz  T_1.4, 4;
    %pushi/vec4 1, 0, 1;
    %store/vec4 v000001bb3d6f2550_0, 0, 1;
    %pushi/vec4 1, 0, 1;
    %store/vec4 v000001bb3d72f840_0, 0, 1;
    %jmp T_1.5;
T_1.4 ;
    %load/vec4 v000001bb3d6f2730_0;
    %parti/s 1, 0, 2;
    %pad/u 32;
    %cmpi/e 1, 0, 32;
    %jmp/0xz  T_1.6, 4;
    %pushi/vec4 1, 0, 1;
    %store/vec4 v000001bb3d72f980_0, 0, 1;
    %jmp T_1.7;
T_1.6 ;
    %pushi/vec4 1, 0, 1;
    %store/vec4 v000001bb3d6f2550_0, 0, 1;
T_1.7 ;
T_1.5 ;
T_1.3 ;
T_1.1 ;
    %jmp T_1;
    .thread T_1, $push;
    .scope S_000001bb3d6dacf0;
T_2 ;
    %wait E_000001bb3d719f10;
    %load/vec4 v000001bb3d6f2730_0;
    %store/vec4 v000001bb3d72f7a0_0, 0, 4;
    %load/vec4 v000001bb3d6f2730_0;
    %cmpi/e 0, 0, 4;
    %jmp/0xz  T_2.0, 4;
    %load/vec4 v000001bb3d6f2690_0;
    %flag_set/vec4 8;
    %jmp/0xz  T_2.2, 8;
    %pushi/vec4 1, 0, 4;
    %store/vec4 v000001bb3d72f7a0_0, 0, 4;
T_2.2 ;
    %jmp T_2.1;
T_2.0 ;
    %load/vec4 v000001bb3d6f2730_0;
    %cmpi/e 1, 0, 4;
    %jmp/0xz  T_2.4, 4;
    %pushi/vec4 2, 0, 4;
    %store/vec4 v000001bb3d72f7a0_0, 0, 4;
    %jmp T_2.5;
T_2.4 ;
    %load/vec4 v000001bb3d6f2730_0;
    %pad/u 65;
    %cmpi/e 10, 0, 65;
    %jmp/0xz  T_2.6, 4;
    %pushi/vec4 0, 0, 4;
    %store/vec4 v000001bb3d72f7a0_0, 0, 4;
    %jmp T_2.7;
T_2.6 ;
    %load/vec4 v000001bb3d6f2730_0;
    %parti/s 1, 0, 2;
    %pad/u 32;
    %cmpi/e 0, 0, 32;
    %jmp/0xz  T_2.8, 4;
    %load/vec4 v000001bb3d72f700_0;
    %load/vec4 v000001bb3d6f2730_0;
    %pad/u 32;
    %ix/load 4, 1, 0;
    %flag_set/imm 4, 0;
    %shiftr 4;
    %subi 1, 0, 32;
    %part/u 1;
    %flag_set/vec4 8;
    %jmp/0xz  T_2.10, 8;
    %load/vec4 v000001bb3d72f7a0_0;
    %addi 1, 0, 4;
    %store/vec4 v000001bb3d72f7a0_0, 0, 4;
    %jmp T_2.11;
T_2.10 ;
    %load/vec4 v000001bb3d72f7a0_0;
    %addi 2, 0, 4;
    %store/vec4 v000001bb3d72f7a0_0, 0, 4;
T_2.11 ;
    %jmp T_2.9;
T_2.8 ;
    %load/vec4 v000001bb3d72f7a0_0;
    %addi 1, 0, 4;
    %store/vec4 v000001bb3d72f7a0_0, 0, 4;
T_2.9 ;
T_2.7 ;
T_2.5 ;
T_2.1 ;
    %jmp T_2;
    .thread T_2, $push;
    .scope S_000001bb3d6dacf0;
T_3 ;
    %wait E_000001bb3d71a510;
    %load/vec4 v000001bb3d6f25f0_0;
    %flag_set/vec4 8;
    %jmp/0xz  T_3.0, 8;
    %pushi/vec4 0, 0, 4;
    %assign/vec4 v000001bb3d6f2730_0, 0;
    %jmp T_3.1;
T_3.0 ;
    %load/vec4 v000001bb3d72f7a0_0;
    %assign/vec4 v000001bb3d6f2730_0, 0;
T_3.1 ;
    %jmp T_3;
    .thread T_3;
# The file index is used to find the file name in the following table.
:file_names 5;
    "N/A";
    "<interactive>";
    "Multiplier.v";
    "./MultiplierControl.v";
    "./MultiplierDatapath.v";
