#! /c/Source/iverilog-install/bin/vvp
:ivl_version "12.0 (devel)" "(s20150603-1539-g2693dd32b)";
:ivl_delay_selection "TYPICAL";
:vpi_time_precision + 0;
:vpi_module "C:\iverilog\lib\ivl\system.vpi";
:vpi_module "C:\iverilog\lib\ivl\vhdl_sys.vpi";
:vpi_module "C:\iverilog\lib\ivl\vhdl_textio.vpi";
:vpi_module "C:\iverilog\lib\ivl\v2005_math.vpi";
:vpi_module "C:\iverilog\lib\ivl\va_math.vpi";
S_0000014d50d625e0 .scope module, "MultiplierDatapath_TaintTrack1Bit" "MultiplierDatapath_TaintTrack1Bit" 2 5;
 .timescale 0 0;
    .port_info 0 /INPUT 1 "clk";
    .port_info 1 /INPUT 8 "multiplier";
    .port_info 2 /INPUT 1 "multiplier_t";
    .port_info 3 /INPUT 8 "multiplicand";
    .port_info 4 /INPUT 1 "multiplicand_t";
    .port_info 5 /OUTPUT 16 "product";
    .port_info 6 /OUTPUT 1 "product_t";
    .port_info 7 /INPUT 1 "rsload";
    .port_info 8 /INPUT 1 "rsload_t";
    .port_info 9 /INPUT 1 "rsclear";
    .port_info 10 /INPUT 1 "rsclear_t";
    .port_info 11 /INPUT 1 "rsshr";
    .port_info 12 /INPUT 1 "rsshr_t";
    .port_info 13 /INPUT 1 "mrld";
    .port_info 14 /INPUT 1 "mrld_t";
    .port_info 15 /INPUT 1 "mdld";
    .port_info 16 /INPUT 1 "mdld_t";
    .port_info 17 /OUTPUT 8 "multiplierReg";
    .port_info 18 /OUTPUT 1 "multiplierReg_t";
    .port_info 19 /OUTPUT 17 "runningSumReg";
    .port_info 20 /OUTPUT 1 "runningSumReg_t";
    .port_info 21 /OUTPUT 17 "multiplicandReg";
    .port_info 22 /OUTPUT 1 "multiplicandReg_t";
P_0000014d50cd9a40 .param/l "WIDTH" 0 2 5, +C4<00000000000000000000000000001000>;
L_0000014d50de3f60 .functor BUFZ 1, v0000014d50d91c30_0, C4<0>, C4<0>, C4<0>;
o0000014d50d9afd8 .functor BUFZ 1, C4<z>; HiZ drive
v0000014d50d62ca0_0 .net "clk", 0 0, o0000014d50d9afd8;  0 drivers
o0000014d50d9b008 .functor BUFZ 1, C4<z>; HiZ drive
v0000014d50de3c40_0 .net "mdld", 0 0, o0000014d50d9b008;  0 drivers
o0000014d50d9b038 .functor BUFZ 1, C4<z>; HiZ drive
v0000014d50de3ce0_0 .net "mdld_t", 0 0, o0000014d50d9b038;  0 drivers
o0000014d50d9b068 .functor BUFZ 1, C4<z>; HiZ drive
v0000014d50de3d80_0 .net "mrld", 0 0, o0000014d50d9b068;  0 drivers
o0000014d50d9b098 .functor BUFZ 1, C4<z>; HiZ drive
v0000014d50de3e20_0 .net "mrld_t", 0 0, o0000014d50d9b098;  0 drivers
o0000014d50d9b0c8 .functor BUFZ 8, C4<zzzzzzzz>; HiZ drive
v0000014d50de3ec0_0 .net "multiplicand", 7 0, o0000014d50d9b0c8;  0 drivers
v0000014d50d90a10_0 .var "multiplicandReg", 16 0;
v0000014d50d90ab0_0 .var "multiplicandReg_t", 0 0;
o0000014d50d9b158 .functor BUFZ 1, C4<z>; HiZ drive
v0000014d50d90b50_0 .net "multiplicand_t", 0 0, o0000014d50d9b158;  0 drivers
o0000014d50d9b188 .functor BUFZ 8, C4<zzzzzzzz>; HiZ drive
v0000014d50d90bf0_0 .net "multiplier", 7 0, o0000014d50d9b188;  0 drivers
v0000014d50d90c90_0 .var "multiplierReg", 7 0;
v0000014d50d91140_0 .var "multiplierReg_t", 0 0;
o0000014d50d9b218 .functor BUFZ 1, C4<z>; HiZ drive
v0000014d50d911e0_0 .net "multiplier_t", 0 0, o0000014d50d9b218;  0 drivers
v0000014d50d91280_0 .net "product", 15 0, L_0000014d50d91d70;  1 drivers
v0000014d50d91320_0 .net "product_t", 0 0, L_0000014d50de3f60;  1 drivers
o0000014d50d9b2a8 .functor BUFZ 1, C4<z>; HiZ drive
v0000014d50d91eb0_0 .net "rsclear", 0 0, o0000014d50d9b2a8;  0 drivers
o0000014d50d9b2d8 .functor BUFZ 1, C4<z>; HiZ drive
v0000014d50d92090_0 .net "rsclear_t", 0 0, o0000014d50d9b2d8;  0 drivers
o0000014d50d9b308 .functor BUFZ 1, C4<z>; HiZ drive
v0000014d50d91cd0_0 .net "rsload", 0 0, o0000014d50d9b308;  0 drivers
o0000014d50d9b338 .functor BUFZ 1, C4<z>; HiZ drive
v0000014d50d92130_0 .net "rsload_t", 0 0, o0000014d50d9b338;  0 drivers
o0000014d50d9b368 .functor BUFZ 1, C4<z>; HiZ drive
v0000014d50d91730_0 .net "rsshr", 0 0, o0000014d50d9b368;  0 drivers
o0000014d50d9b398 .functor BUFZ 1, C4<z>; HiZ drive
v0000014d50d917d0_0 .net "rsshr_t", 0 0, o0000014d50d9b398;  0 drivers
v0000014d50d915f0_0 .var "runningSumReg", 16 0;
v0000014d50d91c30_0 .var "runningSumReg_t", 0 0;
E_0000014d50cda5c0 .event posedge, v0000014d50d62ca0_0;
L_0000014d50d91d70 .part v0000014d50d915f0_0, 0, 16;
    .scope S_0000014d50d625e0;
T_0 ;
    %wait E_0000014d50cda5c0;
    %load/vec4 v0000014d50de3c40_0;
    %flag_set/vec4 8;
    %jmp/0xz  T_0.0, 8;
    %load/vec4 v0000014d50de3ec0_0;
    %pad/u 17;
    %ix/load 4, 8, 0;
    %flag_set/imm 4, 0;
    %shiftl 4;
    %assign/vec4 v0000014d50d90a10_0, 0;
    %load/vec4 v0000014d50d90b50_0;
    %assign/vec4 v0000014d50d90ab0_0, 0;
T_0.0 ;
    %load/vec4 v0000014d50de3d80_0;
    %flag_set/vec4 8;
    %jmp/0xz  T_0.2, 8;
    %load/vec4 v0000014d50d90bf0_0;
    %assign/vec4 v0000014d50d90c90_0, 0;
    %load/vec4 v0000014d50d911e0_0;
    %assign/vec4 v0000014d50d91140_0, 0;
T_0.2 ;
    %load/vec4 v0000014d50d91eb0_0;
    %flag_set/vec4 8;
    %jmp/0xz  T_0.4, 8;
    %pushi/vec4 0, 0, 17;
    %assign/vec4 v0000014d50d915f0_0, 0;
    %pushi/vec4 0, 0, 1;
    %assign/vec4 v0000014d50d91c30_0, 0;
T_0.4 ;
    %load/vec4 v0000014d50d91cd0_0;
    %flag_set/vec4 8;
    %jmp/0xz  T_0.6, 8;
    %load/vec4 v0000014d50d90a10_0;
    %load/vec4 v0000014d50d915f0_0;
    %add;
    %assign/vec4 v0000014d50d915f0_0, 0;
    %load/vec4 v0000014d50d90ab0_0;
    %load/vec4 v0000014d50d91c30_0;
    %add;
    %assign/vec4 v0000014d50d91c30_0, 0;
T_0.6 ;
    %load/vec4 v0000014d50d91730_0;
    %flag_set/vec4 8;
    %jmp/0xz  T_0.8, 8;
    %load/vec4 v0000014d50d915f0_0;
    %ix/load 4, 1, 0;
    %flag_set/imm 4, 0;
    %shiftr 4;
    %assign/vec4 v0000014d50d915f0_0, 0;
    %pushi/vec4 0, 0, 1;
    %assign/vec4 v0000014d50d91c30_0, 0;
T_0.8 ;
    %load/vec4 v0000014d50d90ab0_0;
    %flag_set/vec4 8;
    %flag_get/vec4 8;
    %jmp/1 T_0.10, 8;
    %load/vec4 v0000014d50de3ce0_0;
    %or;
T_0.10;
    %assign/vec4 v0000014d50d90ab0_0, 0;
    %load/vec4 v0000014d50d91140_0;
    %flag_set/vec4 8;
    %flag_get/vec4 8;
    %jmp/1 T_0.11, 8;
    %load/vec4 v0000014d50de3e20_0;
    %or;
T_0.11;
    %assign/vec4 v0000014d50d91140_0, 0;
    %load/vec4 v0000014d50d91c30_0;
    %flag_set/vec4 8;
    %jmp/1 T_0.14, 8;
    %load/vec4 v0000014d50d92090_0;
    %flag_set/vec4 9;
    %flag_or 8, 9;
T_0.14;
    %jmp/1 T_0.13, 8;
    %load/vec4 v0000014d50d92130_0;
    %flag_set/vec4 9;
    %flag_or 8, 9;
T_0.13;
    %flag_get/vec4 8;
    %jmp/1 T_0.12, 8;
    %load/vec4 v0000014d50d917d0_0;
    %or;
T_0.12;
    %assign/vec4 v0000014d50d91c30_0, 0;
    %jmp T_0;
    .thread T_0;
# The file index is used to find the file name in the following table.
:file_names 3;
    "N/A";
    "<interactive>";
    "MultiplierDatapath_TaintTrack1Bit.v";
