#! /c/Source/iverilog-install/bin/vvp
:ivl_version "12.0 (devel)" "(s20150603-1539-g2693dd32b)";
:ivl_delay_selection "TYPICAL";
:vpi_time_precision + 0;
:vpi_module "C:\iverilog\lib\ivl\system.vpi";
:vpi_module "C:\iverilog\lib\ivl\vhdl_sys.vpi";
:vpi_module "C:\iverilog\lib\ivl\vhdl_textio.vpi";
:vpi_module "C:\iverilog\lib\ivl\v2005_math.vpi";
:vpi_module "C:\iverilog\lib\ivl\va_math.vpi";
S_0000020b3c5825e0 .scope module, "MultiplierControl_TaintTrack1Bit" "MultiplierControl_TaintTrack1Bit" 2 5;
 .timescale 0 0;
    .port_info 0 /INPUT 1 "clk";
    .port_info 1 /INPUT 1 "rst";
    .port_info 2 /INPUT 1 "start";
    .port_info 3 /INPUT 1 "start_t";
    .port_info 4 /OUTPUT 1 "productDone";
    .port_info 5 /OUTPUT 1 "productDone_t";
    .port_info 6 /OUTPUT 1 "rsload";
    .port_info 7 /OUTPUT 1 "rsload_t";
    .port_info 8 /OUTPUT 1 "rsclear";
    .port_info 9 /OUTPUT 1 "rsclear_t";
    .port_info 10 /OUTPUT 1 "rsshr";
    .port_info 11 /OUTPUT 1 "rsshr_t";
    .port_info 12 /OUTPUT 1 "mrld";
    .port_info 13 /OUTPUT 1 "mrld_t";
    .port_info 14 /OUTPUT 1 "mdld";
    .port_info 15 /OUTPUT 1 "mdld_t";
    .port_info 16 /INPUT 4 "multiplierReg";
    .port_info 17 /INPUT 1 "multiplierReg_t";
P_0000020b3c56b120 .param/l "FINAL" 1 2 42, +C4<00000000000000000000000000000000000000000000000000000000000001010>;
P_0000020b3c56b158 .param/l "INIT" 1 2 41, C4<0001>;
P_0000020b3c56b190 .param/l "START" 1 2 40, C4<0000>;
P_0000020b3c56b1c8 .param/l "STATE_WIDTH" 1 2 34, +C4<00000000000000000000000000000100>;
P_0000020b3c56b200 .param/l "WIDTH" 0 2 5, +C4<00000000000000000000000000000100>;
o0000020b3c5c4fd8 .functor BUFZ 1, C4<z>; HiZ drive
v0000020b3c56dc30_0 .net "clk", 0 0, o0000020b3c5c4fd8;  0 drivers
v0000020b3c5828a0_0 .var "mdld", 0 0;
v0000020b3c60d840_0 .var "mdld_t", 0 0;
v0000020b3c60d8e0_0 .var "mrld", 0 0;
v0000020b3c60d980_0 .var "mrld_t", 0 0;
o0000020b3c5c50c8 .functor BUFZ 4, C4<zzzz>; HiZ drive
v0000020b3c60da20_0 .net "multiplierReg", 3 0, o0000020b3c5c50c8;  0 drivers
o0000020b3c5c50f8 .functor BUFZ 1, C4<z>; HiZ drive
v0000020b3c60dac0_0 .net "multiplierReg_t", 0 0, o0000020b3c5c50f8;  0 drivers
v0000020b3c60db60_0 .var "next_state", 3 0;
v0000020b3c60dc00_0 .var "next_state_t", 0 0;
v0000020b3c60dca0_0 .var "productDone", 0 0;
v0000020b3c60dd40_0 .var "productDone_t", 0 0;
v0000020b3c60dde0_0 .var "rsclear", 0 0;
v0000020b3c60de80_0 .var "rsclear_t", 0 0;
v0000020b3c60edd0_0 .var "rsload", 0 0;
v0000020b3c60e650_0 .var "rsload_t", 0 0;
v0000020b3c60e470_0 .var "rsshr", 0 0;
v0000020b3c60e6f0_0 .var "rsshr_t", 0 0;
o0000020b3c5c5308 .functor BUFZ 1, C4<z>; HiZ drive
v0000020b3c60e330_0 .net "rst", 0 0, o0000020b3c5c5308;  0 drivers
o0000020b3c5c5338 .functor BUFZ 1, C4<z>; HiZ drive
v0000020b3c60eab0_0 .net "start", 0 0, o0000020b3c5c5338;  0 drivers
o0000020b3c5c5368 .functor BUFZ 1, C4<z>; HiZ drive
v0000020b3c60e830_0 .net "start_t", 0 0, o0000020b3c5c5368;  0 drivers
v0000020b3c60e0b0_0 .var "state", 3 0;
v0000020b3c60ed30_0 .var "state_t", 0 0;
E_0000020b3c5a97e0 .event posedge, v0000020b3c56dc30_0;
E_0000020b3c5aa620/0 .event anyedge, v0000020b3c60e0b0_0, v0000020b3c60ed30_0, v0000020b3c60eab0_0, v0000020b3c60dc00_0;
E_0000020b3c5aa620/1 .event anyedge, v0000020b3c60e830_0, v0000020b3c60da20_0, v0000020b3c60db60_0, v0000020b3c60dac0_0;
E_0000020b3c5aa620 .event/or E_0000020b3c5aa620/0, E_0000020b3c5aa620/1;
E_0000020b3c5aa520/0 .event anyedge, v0000020b3c60e0b0_0, v0000020b3c60d840_0, v0000020b3c60ed30_0, v0000020b3c60d980_0;
E_0000020b3c5aa520/1 .event anyedge, v0000020b3c60de80_0, v0000020b3c60e6f0_0, v0000020b3c60dd40_0, v0000020b3c60e650_0;
E_0000020b3c5aa520 .event/or E_0000020b3c5aa520/0, E_0000020b3c5aa520/1;
    .scope S_0000020b3c5825e0;
T_0 ;
    %wait E_0000020b3c5aa520;
    %pushi/vec4 0, 0, 1;
    %store/vec4 v0000020b3c60edd0_0, 0, 1;
    %pushi/vec4 0, 0, 1;
    %store/vec4 v0000020b3c60dde0_0, 0, 1;
    %pushi/vec4 0, 0, 1;
    %store/vec4 v0000020b3c60e470_0, 0, 1;
    %pushi/vec4 0, 0, 1;
    %store/vec4 v0000020b3c60d8e0_0, 0, 1;
    %pushi/vec4 0, 0, 1;
    %store/vec4 v0000020b3c5828a0_0, 0, 1;
    %pushi/vec4 0, 0, 1;
    %store/vec4 v0000020b3c60dca0_0, 0, 1;
    %load/vec4 v0000020b3c60e0b0_0;
    %cmpi/e 0, 0, 4;
    %jmp/0xz  T_0.0, 4;
    %jmp T_0.1;
T_0.0 ;
    %load/vec4 v0000020b3c60e0b0_0;
    %cmpi/e 1, 0, 4;
    %jmp/0xz  T_0.2, 4;
    %pushi/vec4 1, 0, 1;
    %store/vec4 v0000020b3c5828a0_0, 0, 1;
    %pushi/vec4 1, 0, 1;
    %store/vec4 v0000020b3c60d8e0_0, 0, 1;
    %pushi/vec4 1, 0, 1;
    %store/vec4 v0000020b3c60dde0_0, 0, 1;
    %load/vec4 v0000020b3c60d840_0;
    %flag_set/vec4 8;
    %flag_get/vec4 8;
    %jmp/1 T_0.4, 8;
    %load/vec4 v0000020b3c60ed30_0;
    %or;
T_0.4;
    %store/vec4 v0000020b3c60d840_0, 0, 1;
    %load/vec4 v0000020b3c60d980_0;
    %flag_set/vec4 8;
    %flag_get/vec4 8;
    %jmp/1 T_0.5, 8;
    %load/vec4 v0000020b3c60ed30_0;
    %or;
T_0.5;
    %store/vec4 v0000020b3c60d980_0, 0, 1;
    %load/vec4 v0000020b3c60de80_0;
    %flag_set/vec4 8;
    %flag_get/vec4 8;
    %jmp/1 T_0.6, 8;
    %load/vec4 v0000020b3c60ed30_0;
    %or;
T_0.6;
    %store/vec4 v0000020b3c60de80_0, 0, 1;
    %jmp T_0.3;
T_0.2 ;
    %load/vec4 v0000020b3c60e0b0_0;
    %pad/u 65;
    %cmpi/e 10, 0, 65;
    %jmp/0xz  T_0.7, 4;
    %pushi/vec4 1, 0, 1;
    %store/vec4 v0000020b3c60e470_0, 0, 1;
    %pushi/vec4 1, 0, 1;
    %store/vec4 v0000020b3c60dca0_0, 0, 1;
    %load/vec4 v0000020b3c60e6f0_0;
    %flag_set/vec4 8;
    %flag_get/vec4 8;
    %jmp/1 T_0.9, 8;
    %load/vec4 v0000020b3c60ed30_0;
    %or;
T_0.9;
    %store/vec4 v0000020b3c60e6f0_0, 0, 1;
    %load/vec4 v0000020b3c60dd40_0;
    %flag_set/vec4 8;
    %flag_get/vec4 8;
    %jmp/1 T_0.10, 8;
    %load/vec4 v0000020b3c60ed30_0;
    %or;
T_0.10;
    %store/vec4 v0000020b3c60dd40_0, 0, 1;
    %jmp T_0.8;
T_0.7 ;
    %load/vec4 v0000020b3c60e0b0_0;
    %parti/s 1, 0, 2;
    %pad/u 32;
    %cmpi/e 1, 0, 32;
    %jmp/0xz  T_0.11, 4;
    %pushi/vec4 1, 0, 1;
    %store/vec4 v0000020b3c60edd0_0, 0, 1;
    %load/vec4 v0000020b3c60e650_0;
    %flag_set/vec4 8;
    %flag_get/vec4 8;
    %jmp/1 T_0.13, 8;
    %load/vec4 v0000020b3c60ed30_0;
    %or;
T_0.13;
    %store/vec4 v0000020b3c60e650_0, 0, 1;
    %jmp T_0.12;
T_0.11 ;
    %pushi/vec4 1, 0, 1;
    %store/vec4 v0000020b3c60e470_0, 0, 1;
    %load/vec4 v0000020b3c60e6f0_0;
    %flag_set/vec4 8;
    %flag_get/vec4 8;
    %jmp/1 T_0.14, 8;
    %load/vec4 v0000020b3c60ed30_0;
    %or;
T_0.14;
    %store/vec4 v0000020b3c60e6f0_0, 0, 1;
T_0.12 ;
T_0.8 ;
T_0.3 ;
T_0.1 ;
    %jmp T_0;
    .thread T_0, $push;
    .scope S_0000020b3c5825e0;
T_1 ;
    %wait E_0000020b3c5aa620;
    %load/vec4 v0000020b3c60e0b0_0;
    %store/vec4 v0000020b3c60db60_0, 0, 4;
    %load/vec4 v0000020b3c60ed30_0;
    %store/vec4 v0000020b3c60dc00_0, 0, 1;
    %load/vec4 v0000020b3c60e0b0_0;
    %cmpi/e 0, 0, 4;
    %jmp/0xz  T_1.0, 4;
    %load/vec4 v0000020b3c60eab0_0;
    %flag_set/vec4 8;
    %jmp/0xz  T_1.2, 8;
    %pushi/vec4 1, 0, 4;
    %store/vec4 v0000020b3c60db60_0, 0, 4;
T_1.2 ;
    %load/vec4 v0000020b3c60dc00_0;
    %flag_set/vec4 8;
    %flag_get/vec4 8;
    %jmp/1 T_1.4, 8;
    %load/vec4 v0000020b3c60e830_0;
    %or;
T_1.4;
    %store/vec4 v0000020b3c60dc00_0, 0, 1;
    %jmp T_1.1;
T_1.0 ;
    %load/vec4 v0000020b3c60e0b0_0;
    %cmpi/e 1, 0, 4;
    %jmp/0xz  T_1.5, 4;
    %pushi/vec4 2, 0, 4;
    %store/vec4 v0000020b3c60db60_0, 0, 4;
    %jmp T_1.6;
T_1.5 ;
    %load/vec4 v0000020b3c60e0b0_0;
    %pad/u 65;
    %cmpi/e 10, 0, 65;
    %jmp/0xz  T_1.7, 4;
    %pushi/vec4 0, 0, 4;
    %store/vec4 v0000020b3c60db60_0, 0, 4;
    %jmp T_1.8;
T_1.7 ;
    %load/vec4 v0000020b3c60e0b0_0;
    %parti/s 1, 0, 2;
    %pad/u 32;
    %cmpi/e 0, 0, 32;
    %jmp/0xz  T_1.9, 4;
    %load/vec4 v0000020b3c60da20_0;
    %load/vec4 v0000020b3c60e0b0_0;
    %pad/u 32;
    %ix/load 4, 1, 0;
    %flag_set/imm 4, 0;
    %shiftr 4;
    %subi 1, 0, 32;
    %part/u 1;
    %flag_set/vec4 8;
    %jmp/0xz  T_1.11, 8;
    %load/vec4 v0000020b3c60db60_0;
    %addi 1, 0, 4;
    %store/vec4 v0000020b3c60db60_0, 0, 4;
    %jmp T_1.12;
T_1.11 ;
    %load/vec4 v0000020b3c60db60_0;
    %addi 2, 0, 4;
    %store/vec4 v0000020b3c60db60_0, 0, 4;
T_1.12 ;
    %load/vec4 v0000020b3c60dc00_0;
    %flag_set/vec4 8;
    %flag_get/vec4 8;
    %jmp/1 T_1.13, 8;
    %load/vec4 v0000020b3c60dac0_0;
    %or;
T_1.13;
    %store/vec4 v0000020b3c60dc00_0, 0, 1;
    %jmp T_1.10;
T_1.9 ;
    %load/vec4 v0000020b3c60db60_0;
    %addi 1, 0, 4;
    %store/vec4 v0000020b3c60db60_0, 0, 4;
T_1.10 ;
T_1.8 ;
T_1.6 ;
T_1.1 ;
    %jmp T_1;
    .thread T_1, $push;
    .scope S_0000020b3c5825e0;
T_2 ;
    %wait E_0000020b3c5a97e0;
    %load/vec4 v0000020b3c60e330_0;
    %flag_set/vec4 8;
    %jmp/0xz  T_2.0, 8;
    %pushi/vec4 0, 0, 4;
    %assign/vec4 v0000020b3c60e0b0_0, 0;
    %jmp T_2.1;
T_2.0 ;
    %load/vec4 v0000020b3c60db60_0;
    %assign/vec4 v0000020b3c60e0b0_0, 0;
    %load/vec4 v0000020b3c60dc00_0;
    %assign/vec4 v0000020b3c60ed30_0, 0;
T_2.1 ;
    %jmp T_2;
    .thread T_2;
# The file index is used to find the file name in the following table.
:file_names 3;
    "N/A";
    "<interactive>";
    "MultiplierControl_TaintTrack1Bit.v";
