#! /c/Source/iverilog-install/bin/vvp
:ivl_version "12.0 (devel)" "(s20150603-1539-g2693dd32b)";
:ivl_delay_selection "TYPICAL";
:vpi_time_precision + 0;
:vpi_module "C:\iverilog\lib\ivl\system.vpi";
:vpi_module "C:\iverilog\lib\ivl\vhdl_sys.vpi";
:vpi_module "C:\iverilog\lib\ivl\vhdl_textio.vpi";
:vpi_module "C:\iverilog\lib\ivl\v2005_math.vpi";
:vpi_module "C:\iverilog\lib\ivl\va_math.vpi";
S_000001b6eee12620 .scope module, "MultiplierControl_TaintTrackBitwise" "MultiplierControl_TaintTrackBitwise" 2 5;
 .timescale 0 0;
    .port_info 0 /INPUT 1 "clk";
    .port_info 1 /INPUT 1 "rst";
    .port_info 2 /INPUT 1 "start";
    .port_info 3 /INPUT 1 "start_t";
    .port_info 4 /OUTPUT 1 "productDone";
    .port_info 5 /OUTPUT 1 "productDone_t";
    .port_info 6 /OUTPUT 1 "rsload";
    .port_info 7 /OUTPUT 1 "rsload_t";
    .port_info 8 /OUTPUT 1 "rsclear";
    .port_info 9 /OUTPUT 1 "rsclear_t";
    .port_info 10 /OUTPUT 1 "rsshr";
    .port_info 11 /OUTPUT 1 "rsshr_t";
    .port_info 12 /OUTPUT 1 "mrld";
    .port_info 13 /OUTPUT 1 "mrld_t";
    .port_info 14 /OUTPUT 1 "mdld";
    .port_info 15 /OUTPUT 1 "mdld_t";
    .port_info 16 /INPUT 4 "multiplierReg";
    .port_info 17 /INPUT 4 "multiplierReg_t";
P_000001b6eee362d0 .param/l "FINAL" 1 2 42, +C4<00000000000000000000000000000000000000000000000000000000000001010>;
P_000001b6eee36308 .param/l "INIT" 1 2 41, C4<0001>;
P_000001b6eee36340 .param/l "START" 1 2 40, C4<0000>;
P_000001b6eee36378 .param/l "STATE_WIDTH" 1 2 34, +C4<00000000000000000000000000000100>;
P_000001b6eee363b0 .param/l "WIDTH" 0 2 5, +C4<00000000000000000000000000000100>;
o000001b6eee51fa8 .functor BUFZ 1, C4<z>; HiZ drive
v000001b6eef7e0b0_0 .net "clk", 0 0, o000001b6eee51fa8;  0 drivers
v000001b6eee128e0_0 .var "mdld", 0 0;
v000001b6eee43650_0 .var "mdld_t", 0 0;
v000001b6eee436f0_0 .var "mrld", 0 0;
v000001b6eee43790_0 .var "mrld_t", 0 0;
o000001b6eee52098 .functor BUFZ 4, C4<zzzz>; HiZ drive
v000001b6eee43830_0 .net "multiplierReg", 3 0, o000001b6eee52098;  0 drivers
o000001b6eee520c8 .functor BUFZ 4, C4<zzzz>; HiZ drive
v000001b6eee438d0_0 .net "multiplierReg_t", 3 0, o000001b6eee520c8;  0 drivers
v000001b6eee43970_0 .var "next_state", 3 0;
v000001b6eee43a10_0 .var "next_state_t", 3 0;
v000001b6eee43ab0_0 .var "productDone", 0 0;
v000001b6eee43b50_0 .var "productDone_t", 0 0;
v000001b6eee43bf0_0 .var "rsclear", 0 0;
v000001b6eee43c90_0 .var "rsclear_t", 0 0;
v000001b6eee9b110_0 .var "rsload", 0 0;
v000001b6eee9b570_0 .var "rsload_t", 0 0;
v000001b6eee9b1b0_0 .var "rsshr", 0 0;
v000001b6eee9bcf0_0 .var "rsshr_t", 0 0;
o000001b6eee522d8 .functor BUFZ 1, C4<z>; HiZ drive
v000001b6eee9ba70_0 .net "rst", 0 0, o000001b6eee522d8;  0 drivers
o000001b6eee52308 .functor BUFZ 1, C4<z>; HiZ drive
v000001b6eee9b430_0 .net "start", 0 0, o000001b6eee52308;  0 drivers
o000001b6eee52338 .functor BUFZ 1, C4<z>; HiZ drive
v000001b6eee9b250_0 .net "start_t", 0 0, o000001b6eee52338;  0 drivers
v000001b6eee9bf70_0 .var "state", 3 0;
v000001b6eee9be30_0 .var "state_t", 3 0;
E_000001b6eee38a20 .event posedge, v000001b6eef7e0b0_0;
E_000001b6eee38c60/0 .event anyedge, v000001b6eee9bf70_0, v000001b6eee9be30_0, v000001b6eee9b430_0, v000001b6eee43a10_0;
E_000001b6eee38c60/1 .event anyedge, v000001b6eee9b250_0, v000001b6eee43970_0;
E_000001b6eee38c60 .event/or E_000001b6eee38c60/0, E_000001b6eee38c60/1;
E_000001b6eee38b20 .event anyedge, v000001b6eee9bf70_0, v000001b6eee9be30_0, v000001b6eee43830_0, v000001b6eee438d0_0;
    .scope S_000001b6eee12620;
T_0 ;
    %wait E_000001b6eee38b20;
    %pushi/vec4 0, 0, 1;
    %store/vec4 v000001b6eee9b110_0, 0, 1;
    %pushi/vec4 0, 0, 1;
    %store/vec4 v000001b6eee9b570_0, 0, 1;
    %pushi/vec4 0, 0, 1;
    %store/vec4 v000001b6eee43bf0_0, 0, 1;
    %pushi/vec4 0, 0, 1;
    %store/vec4 v000001b6eee43c90_0, 0, 1;
    %pushi/vec4 0, 0, 1;
    %store/vec4 v000001b6eee9b1b0_0, 0, 1;
    %pushi/vec4 0, 0, 1;
    %store/vec4 v000001b6eee9bcf0_0, 0, 1;
    %pushi/vec4 0, 0, 1;
    %store/vec4 v000001b6eee436f0_0, 0, 1;
    %pushi/vec4 0, 0, 1;
    %store/vec4 v000001b6eee43790_0, 0, 1;
    %pushi/vec4 0, 0, 1;
    %store/vec4 v000001b6eee128e0_0, 0, 1;
    %pushi/vec4 0, 0, 1;
    %store/vec4 v000001b6eee43650_0, 0, 1;
    %pushi/vec4 0, 0, 1;
    %store/vec4 v000001b6eee43ab0_0, 0, 1;
    %load/vec4 v000001b6eee9bf70_0;
    %cmpi/e 0, 0, 4;
    %jmp/0xz  T_0.0, 4;
    %jmp T_0.1;
T_0.0 ;
    %load/vec4 v000001b6eee9bf70_0;
    %cmpi/e 1, 0, 4;
    %jmp/0xz  T_0.2, 4;
    %pushi/vec4 1, 0, 1;
    %store/vec4 v000001b6eee128e0_0, 0, 1;
    %pushi/vec4 1, 0, 1;
    %store/vec4 v000001b6eee436f0_0, 0, 1;
    %pushi/vec4 1, 0, 1;
    %store/vec4 v000001b6eee43bf0_0, 0, 1;
    %load/vec4 v000001b6eee9be30_0;
    %or/r;
    %store/vec4 v000001b6eee43650_0, 0, 1;
    %load/vec4 v000001b6eee9be30_0;
    %or/r;
    %store/vec4 v000001b6eee43790_0, 0, 1;
    %load/vec4 v000001b6eee9be30_0;
    %or/r;
    %store/vec4 v000001b6eee43c90_0, 0, 1;
    %jmp T_0.3;
T_0.2 ;
    %load/vec4 v000001b6eee9bf70_0;
    %pad/u 65;
    %cmpi/e 10, 0, 65;
    %jmp/0xz  T_0.4, 4;
    %pushi/vec4 1, 0, 1;
    %store/vec4 v000001b6eee9b1b0_0, 0, 1;
    %pushi/vec4 1, 0, 1;
    %store/vec4 v000001b6eee43ab0_0, 0, 1;
    %load/vec4 v000001b6eee9be30_0;
    %or/r;
    %store/vec4 v000001b6eee9bcf0_0, 0, 1;
    %load/vec4 v000001b6eee9be30_0;
    %or/r;
    %store/vec4 v000001b6eee43b50_0, 0, 1;
    %jmp T_0.5;
T_0.4 ;
    %load/vec4 v000001b6eee9bf70_0;
    %parti/s 1, 0, 2;
    %pad/u 32;
    %cmpi/e 1, 0, 32;
    %jmp/0xz  T_0.6, 4;
    %load/vec4 v000001b6eee43830_0;
    %load/vec4 v000001b6eee9bf70_0;
    %pad/u 32;
    %subi 1, 0, 32;
    %ix/load 4, 1, 0;
    %flag_set/imm 4, 0;
    %shiftr 4;
    %subi 1, 0, 32;
    %part/u 1;
    %flag_set/vec4 8;
    %jmp/0xz  T_0.8, 8;
    %pushi/vec4 1, 0, 1;
    %store/vec4 v000001b6eee9b110_0, 0, 1;
T_0.8 ;
    %load/vec4 v000001b6eee9be30_0;
    %load/vec4 v000001b6eee438d0_0;
    %or;
    %pad/u 1;
    %store/vec4 v000001b6eee9b570_0, 0, 1;
    %jmp T_0.7;
T_0.6 ;
    %pushi/vec4 1, 0, 1;
    %store/vec4 v000001b6eee9b1b0_0, 0, 1;
    %load/vec4 v000001b6eee9be30_0;
    %or/r;
    %store/vec4 v000001b6eee9bcf0_0, 0, 1;
T_0.7 ;
T_0.5 ;
T_0.3 ;
T_0.1 ;
    %jmp T_0;
    .thread T_0, $push;
    .scope S_000001b6eee12620;
T_1 ;
    %wait E_000001b6eee38c60;
    %load/vec4 v000001b6eee9bf70_0;
    %store/vec4 v000001b6eee43970_0, 0, 4;
    %load/vec4 v000001b6eee9be30_0;
    %store/vec4 v000001b6eee43a10_0, 0, 4;
    %load/vec4 v000001b6eee9bf70_0;
    %cmpi/e 0, 0, 4;
    %jmp/0xz  T_1.0, 4;
    %load/vec4 v000001b6eee9b430_0;
    %flag_set/vec4 8;
    %jmp/0xz  T_1.2, 8;
    %pushi/vec4 1, 0, 4;
    %store/vec4 v000001b6eee43970_0, 0, 4;
T_1.2 ;
    %load/vec4 v000001b6eee43a10_0;
    %load/vec4 v000001b6eee9b250_0;
    %pad/u 4;
    %or;
    %store/vec4 v000001b6eee43a10_0, 0, 4;
    %jmp T_1.1;
T_1.0 ;
    %load/vec4 v000001b6eee9bf70_0;
    %cmpi/e 1, 0, 4;
    %jmp/0xz  T_1.4, 4;
    %pushi/vec4 2, 0, 4;
    %store/vec4 v000001b6eee43970_0, 0, 4;
    %jmp T_1.5;
T_1.4 ;
    %load/vec4 v000001b6eee9bf70_0;
    %pad/u 65;
    %cmpi/e 10, 0, 65;
    %jmp/0xz  T_1.6, 4;
    %pushi/vec4 0, 0, 4;
    %store/vec4 v000001b6eee43970_0, 0, 4;
    %jmp T_1.7;
T_1.6 ;
    %load/vec4 v000001b6eee43970_0;
    %addi 1, 0, 4;
    %store/vec4 v000001b6eee43970_0, 0, 4;
T_1.7 ;
T_1.5 ;
T_1.1 ;
    %jmp T_1;
    .thread T_1, $push;
    .scope S_000001b6eee12620;
T_2 ;
    %wait E_000001b6eee38a20;
    %load/vec4 v000001b6eee9ba70_0;
    %flag_set/vec4 8;
    %jmp/0xz  T_2.0, 8;
    %pushi/vec4 0, 0, 4;
    %assign/vec4 v000001b6eee9bf70_0, 0;
    %jmp T_2.1;
T_2.0 ;
    %load/vec4 v000001b6eee43970_0;
    %assign/vec4 v000001b6eee9bf70_0, 0;
    %load/vec4 v000001b6eee43a10_0;
    %assign/vec4 v000001b6eee9be30_0, 0;
T_2.1 ;
    %jmp T_2;
    .thread T_2;
# The file index is used to find the file name in the following table.
:file_names 3;
    "N/A";
    "<interactive>";
    "MultiplierControl_TaintTrackWordLvl.v";
